0 info it worked if it ends with ok
1 verbose cli [
1 verbose cli   'C:\\Program Files\\nodejs\\node.exe',
1 verbose cli   'C:\\Programmierung\\Udacity\\Full Stack Js Developer\\Image-Prozessing-Api\\Udacity-Image-Prozessing-Api\\node_modules\\npm\\bin\\npm-cli.js',
1 verbose cli   'run',
1 verbose cli   'jasmine'
1 verbose cli ]
2 info using npm@2.15.12
3 info using node@v20.3.1
4 verbose run-script [ 'prejasmine', 'jasmine', 'postjasmine' ]
5 info prejasmine udacity-image-prozessing-api@1.0.0
6 info jasmine udacity-image-prozessing-api@1.0.0
7 verbose unsafe-perm in lifecycle true
8 info udacity-image-prozessing-api@1.0.0 Failed to exec jasmine script
9 verbose stack Error: udacity-image-prozessing-api@1.0.0 jasmine: `jasmine`
9 verbose stack Exit status 2
9 verbose stack     at EventEmitter.<anonymous> (C:\Programmierung\Udacity\Full Stack Js Developer\Image-Prozessing-Api\Udacity-Image-Prozessing-Api\node_modules\npm\lib\utils\lifecycle.js:217:16)
9 verbose stack     at EventEmitter.emit (node:events:511:28)
9 verbose stack     at ChildProcess.<anonymous> (C:\Programmierung\Udacity\Full Stack Js Developer\Image-Prozessing-Api\Udacity-Image-Prozessing-Api\node_modules\npm\lib\utils\spawn.js:24:14)
9 verbose stack     at ChildProcess.emit (node:events:511:28)
9 verbose stack     at maybeClose (node:internal/child_process:1098:16)
9 verbose stack     at ChildProcess._handle.onexit (node:internal/child_process:304:5)
10 verbose pkgid udacity-image-prozessing-api@1.0.0
11 verbose cwd C:\Programmierung\Udacity\Full Stack Js Developer\Image-Prozessing-Api\Udacity-Image-Prozessing-Api
12 error Windows_NT 10.0.22621
13 error argv "C:\\Program Files\\nodejs\\node.exe" "C:\\Programmierung\\Udacity\\Full Stack Js Developer\\Image-Prozessing-Api\\Udacity-Image-Prozessing-Api\\node_modules\\npm\\bin\\npm-cli.js" "run" "jasmine"
14 error node v20.3.1
15 error npm  v2.15.12
16 error code ELIFECYCLE
17 error udacity-image-prozessing-api@1.0.0 jasmine: `jasmine`
17 error Exit status 2
18 error Failed at the udacity-image-prozessing-api@1.0.0 jasmine script 'jasmine'.
18 error This is most likely a problem with the udacity-image-prozessing-api package,
18 error not with npm itself.
18 error Tell the author that this fails on your system:
18 error     jasmine
18 error You can get information on how to open an issue for this project with:
18 error     npm bugs udacity-image-prozessing-api
18 error Or if that isn't available, you can get their info via:
18 error
18 error     npm owner ls udacity-image-prozessing-api
18 error There is likely additional logging output above.
19 verbose exit [ 1, true ]
